Information: Updating graph... (UID-83)
Warning: Design 'Adder' contains 1 high-fanout nets. A fanout number of 1000 will be used for delay calculations involving these nets. (TIM-134)
 
****************************************
Report : reference
Design : Adder
Version: O-2018.06-SP5
Date   : Sat Feb 28 18:08:22 2026
****************************************

Attributes:
    b - black box (unknown)
   bo - allows boundary optimization
    d - dont_touch
   mo - map_only
    h - hierarchical
    n - noncombinational
    r - removable
    s - synthetic operator
    u - contains unmapped logic

Reference          Library       Unit Area   Count    Total Area   Attributes
-----------------------------------------------------------------------------
DFF_X1             NangateOpenCellLibrary
                                  4.522000    2049   9265.577664  n
LadnerFischer_N1024           19419.596064       1  19419.596064  h
-----------------------------------------------------------------------------
Total 2 references                                  28685.173728
1
Information: Updating design information... (UID-85)
Warning: Design 'Adder' contains 1 high-fanout nets. A fanout number of 1000 will be used for delay calculations involving these nets. (TIM-134)
 
****************************************
Report : timing
        -path full
        -delay max
        -max_paths 1
        -transition_time
        -capacitance
Design : Adder
Version: O-2018.06-SP5
Date   : Sat Feb 28 18:08:22 2026
****************************************

 # A fanout number of 1000 was used for high fanout net computations.

Operating Conditions: slow   Library: NangateOpenCellLibrary
Wire Load Model Mode: top

  Startpoint: A_reg_reg[2]
              (rising edge-triggered flip-flop clocked by CLK)
  Endpoint: S[532] (output port clocked by CLK)
  Path Group: CLK
  Path Type: max

  Des/Clust/Port     Wire Load Model       Library
  ------------------------------------------------
  Adder              5K_hvratio_1_1        NangateOpenCellLibrary

  Point                                          Cap     Trans      Incr       Path
  ------------------------------------------------------------------------------------
  clock CLK (rise edge)                                             0.00       0.00
  clock network delay (ideal)                                       0.00       0.00
  A_reg_reg[2]/CK (DFF_X1)                                0.00      0.00 #     0.00 r
  A_reg_reg[2]/Q (DFF_X1)                       3.88      0.04      0.31       0.31 r
  adder_inst/A[2] (LadnerFischer_N1024)                             0.00       0.31 r
  adder_inst/U3358/Z (XOR2_X1)                  7.30      0.18      0.29       0.61 r
  adder_inst/blockgeneration/Prop[2] (LFRecursive_N1024)            0.00       0.61 r
  adder_inst/blockgeneration/bottom_recursive/Prop[2] (LFRecursive_N512_0)
                                                                    0.00       0.61 r
  adder_inst/blockgeneration/bottom_recursive/bottom_recursive/Prop[2] (LFRecursive_N256_0)
                                                                    0.00       0.61 r
  adder_inst/blockgeneration/bottom_recursive/bottom_recursive/bottom_recursive/Prop[2] (LFRecursive_N128_0)
                                                                    0.00       0.61 r
  adder_inst/blockgeneration/bottom_recursive/bottom_recursive/bottom_recursive/bottom_recursive/Prop[2] (LFRecursive_N64_0)
                                                                    0.00       0.61 r
  adder_inst/blockgeneration/bottom_recursive/bottom_recursive/bottom_recursive/bottom_recursive/bottom_recursive/Prop[2] (LFRecursive_N32_0)
                                                                    0.00       0.61 r
  adder_inst/blockgeneration/bottom_recursive/bottom_recursive/bottom_recursive/bottom_recursive/bottom_recursive/bottom_recursive/Prop[2] (LFRecursive_N16_0)
                                                                    0.00       0.61 r
  adder_inst/blockgeneration/bottom_recursive/bottom_recursive/bottom_recursive/bottom_recursive/bottom_recursive/bottom_recursive/bottom_recursive/Prop[2] (LFRecursive_N8_0)
                                                                    0.00       0.61 r
  adder_inst/blockgeneration/bottom_recursive/bottom_recursive/bottom_recursive/bottom_recursive/bottom_recursive/bottom_recursive/bottom_recursive/bottom_recursive/Prop[2] (LFRecursive_N4_0)
                                                                    0.00       0.61 r
  adder_inst/blockgeneration/bottom_recursive/bottom_recursive/bottom_recursive/bottom_recursive/bottom_recursive/bottom_recursive/bottom_recursive/bottom_recursive/top_recursive/Prop[0] (LFRecursive_N2_1)
                                                                    0.00       0.61 r
  adder_inst/blockgeneration/bottom_recursive/bottom_recursive/bottom_recursive/bottom_recursive/bottom_recursive/bottom_recursive/bottom_recursive/bottom_recursive/top_recursive/merging2/PLow (Merger_1)
                                                                    0.00       0.61 r
  adder_inst/blockgeneration/bottom_recursive/bottom_recursive/bottom_recursive/bottom_recursive/bottom_recursive/bottom_recursive/bottom_recursive/bottom_recursive/top_recursive/merging2/U1/ZN (AND2_X1)
                                                3.25      0.04      0.17       0.78 r
  adder_inst/blockgeneration/bottom_recursive/bottom_recursive/bottom_recursive/bottom_recursive/bottom_recursive/bottom_recursive/bottom_recursive/bottom_recursive/top_recursive/merging2/Pout (Merger_1)
                                                                    0.00       0.78 r
  adder_inst/blockgeneration/bottom_recursive/bottom_recursive/bottom_recursive/bottom_recursive/bottom_recursive/bottom_recursive/bottom_recursive/bottom_recursive/top_recursive/blockProp[1] (LFRecursive_N2_1)
                                                                    0.00       0.78 r
  adder_inst/blockgeneration/bottom_recursive/bottom_recursive/bottom_recursive/bottom_recursive/bottom_recursive/bottom_recursive/bottom_recursive/bottom_recursive/merging_1/PHi (Merger_513)
                                                                    0.00       0.78 r
  adder_inst/blockgeneration/bottom_recursive/bottom_recursive/bottom_recursive/bottom_recursive/bottom_recursive/bottom_recursive/bottom_recursive/bottom_recursive/merging_1/U3/ZN (AOI21_X1)
                                                1.79      0.02      0.06       0.84 f
  adder_inst/blockgeneration/bottom_recursive/bottom_recursive/bottom_recursive/bottom_recursive/bottom_recursive/bottom_recursive/bottom_recursive/bottom_recursive/merging_1/U2/ZN (INV_X1)
                                               10.10      0.09      0.13       0.97 r
  adder_inst/blockgeneration/bottom_recursive/bottom_recursive/bottom_recursive/bottom_recursive/bottom_recursive/bottom_recursive/bottom_recursive/bottom_recursive/merging_1/Gout (Merger_513)
                                                                    0.00       0.97 r
  adder_inst/blockgeneration/bottom_recursive/bottom_recursive/bottom_recursive/bottom_recursive/bottom_recursive/bottom_recursive/bottom_recursive/bottom_recursive/blockGen[3] (LFRecursive_N4_0)
                                                                    0.00       0.97 r
  adder_inst/blockgeneration/bottom_recursive/bottom_recursive/bottom_recursive/bottom_recursive/bottom_recursive/bottom_recursive/bottom_recursive/merging_3/GLow (Merger_1027)
                                                                    0.00       0.97 r
  adder_inst/blockgeneration/bottom_recursive/bottom_recursive/bottom_recursive/bottom_recursive/bottom_recursive/bottom_recursive/bottom_recursive/merging_3/U3/ZN (AOI21_X1)
                                                3.12      0.04      0.09       1.05 f
  adder_inst/blockgeneration/bottom_recursive/bottom_recursive/bottom_recursive/bottom_recursive/bottom_recursive/bottom_recursive/bottom_recursive/merging_3/U2/ZN (INV_X2)
                                               18.92      0.09      0.14       1.19 r
  adder_inst/blockgeneration/bottom_recursive/bottom_recursive/bottom_recursive/bottom_recursive/bottom_recursive/bottom_recursive/bottom_recursive/merging_3/Gout (Merger_1027)
                                                                    0.00       1.19 r
  adder_inst/blockgeneration/bottom_recursive/bottom_recursive/bottom_recursive/bottom_recursive/bottom_recursive/bottom_recursive/bottom_recursive/blockGen[7] (LFRecursive_N8_0)
                                                                    0.00       1.19 r
  adder_inst/blockgeneration/bottom_recursive/bottom_recursive/bottom_recursive/bottom_recursive/bottom_recursive/bottom_recursive/merging_7/GLow (Merger_1543)
                                                                    0.00       1.19 r
  adder_inst/blockgeneration/bottom_recursive/bottom_recursive/bottom_recursive/bottom_recursive/bottom_recursive/bottom_recursive/merging_7/U3/ZN (AOI21_X1)
                                                1.79      0.03      0.08       1.27 f
  adder_inst/blockgeneration/bottom_recursive/bottom_recursive/bottom_recursive/bottom_recursive/bottom_recursive/bottom_recursive/merging_7/U2/ZN (INV_X1)
                                               37.33      0.31      0.36       1.63 r
  adder_inst/blockgeneration/bottom_recursive/bottom_recursive/bottom_recursive/bottom_recursive/bottom_recursive/bottom_recursive/merging_7/Gout (Merger_1543)
                                                                    0.00       1.63 r
  adder_inst/blockgeneration/bottom_recursive/bottom_recursive/bottom_recursive/bottom_recursive/bottom_recursive/bottom_recursive/blockGen[15] (LFRecursive_N16_0)
                                                                    0.00       1.63 r
  adder_inst/blockgeneration/bottom_recursive/bottom_recursive/bottom_recursive/bottom_recursive/bottom_recursive/merging_15/GLow (Merger_2063)
                                                                    0.00       1.63 r
  adder_inst/blockgeneration/bottom_recursive/bottom_recursive/bottom_recursive/bottom_recursive/bottom_recursive/merging_15/U3/ZN (AOI21_X1)
                                                5.80      0.09      0.16       1.79 f
  adder_inst/blockgeneration/bottom_recursive/bottom_recursive/bottom_recursive/bottom_recursive/bottom_recursive/merging_15/U2/ZN (INV_X4)
                                               77.17      0.16      0.27       2.06 r
  adder_inst/blockgeneration/bottom_recursive/bottom_recursive/bottom_recursive/bottom_recursive/bottom_recursive/merging_15/Gout (Merger_2063)
                                                                    0.00       2.06 r
  adder_inst/blockgeneration/bottom_recursive/bottom_recursive/bottom_recursive/bottom_recursive/bottom_recursive/blockGen[31] (LFRecursive_N32_0)
                                                                    0.00       2.06 r
  adder_inst/blockgeneration/bottom_recursive/bottom_recursive/bottom_recursive/bottom_recursive/merging_31/GLow (Merger_2591)
                                                                    0.00       2.06 r
  adder_inst/blockgeneration/bottom_recursive/bottom_recursive/bottom_recursive/bottom_recursive/merging_31/U3/ZN (AOI21_X1)
                                                5.80      0.06      0.15       2.21 f
  adder_inst/blockgeneration/bottom_recursive/bottom_recursive/bottom_recursive/bottom_recursive/merging_31/U2/ZN (INV_X4)
                                              158.28      0.33      0.42       2.63 r
  adder_inst/blockgeneration/bottom_recursive/bottom_recursive/bottom_recursive/bottom_recursive/merging_31/Gout (Merger_2591)
                                                                    0.00       2.63 r
  adder_inst/blockgeneration/bottom_recursive/bottom_recursive/bottom_recursive/bottom_recursive/blockGen[63] (LFRecursive_N64_0)
                                                                    0.00       2.63 r
  adder_inst/blockgeneration/bottom_recursive/bottom_recursive/bottom_recursive/merging_63/GLow (Merger_3135)
                                                                    0.00       2.63 r
  adder_inst/blockgeneration/bottom_recursive/bottom_recursive/bottom_recursive/merging_63/U3/ZN (AOI21_X2)
                                                1.79      0.07      0.13       2.76 f
  adder_inst/blockgeneration/bottom_recursive/bottom_recursive/bottom_recursive/merging_63/U2/ZN (INV_X1)
                                                3.46      0.04      0.10       2.85 r
  adder_inst/blockgeneration/bottom_recursive/bottom_recursive/bottom_recursive/merging_63/Gout (Merger_3135)
                                                                    0.00       2.85 r
  adder_inst/blockgeneration/bottom_recursive/bottom_recursive/bottom_recursive/blockGen[127] (LFRecursive_N128_0)
                                                                    0.00       2.85 r
  adder_inst/blockgeneration/bottom_recursive/bottom_recursive/U2/Z (CLKBUF_X3)
                                                7.78      0.03      0.11       2.97 r
  adder_inst/blockgeneration/bottom_recursive/bottom_recursive/U1/Z (CLKBUF_X2)
                                               24.92      0.11      0.19       3.15 r
  adder_inst/blockgeneration/bottom_recursive/bottom_recursive/merging_127/GLow (Merger_3711)
                                                                    0.00       3.15 r
  adder_inst/blockgeneration/bottom_recursive/bottom_recursive/merging_127/U3/ZN (AOI21_X1)
                                                1.79      0.04      0.08       3.24 f
  adder_inst/blockgeneration/bottom_recursive/bottom_recursive/merging_127/U2/ZN (INV_X1)
                                                9.03      0.08      0.12       3.36 r
  adder_inst/blockgeneration/bottom_recursive/bottom_recursive/merging_127/Gout (Merger_3711)
                                                                    0.00       3.36 r
  adder_inst/blockgeneration/bottom_recursive/bottom_recursive/blockGen[255] (LFRecursive_N256_0)
                                                                    0.00       3.36 r
  adder_inst/blockgeneration/bottom_recursive/U2/Z (BUF_X4)
                                               12.78      0.04      0.13       3.49 r
  adder_inst/blockgeneration/bottom_recursive/U1/Z (BUF_X8)
                                               24.92      0.04      0.14       3.63 r
  adder_inst/blockgeneration/bottom_recursive/merging_255/GLow (Merger_4351)
                                                                    0.00       3.63 r
  adder_inst/blockgeneration/bottom_recursive/merging_255/U3/ZN (AOI21_X1)
                                                1.79      0.02      0.06       3.69 f
  adder_inst/blockgeneration/bottom_recursive/merging_255/U2/ZN (INV_X1)
                                                5.29      0.05      0.08       3.77 r
  adder_inst/blockgeneration/bottom_recursive/merging_255/Gout (Merger_4351)
                                                                    0.00       3.77 r
  adder_inst/blockgeneration/bottom_recursive/blockGen[511] (LFRecursive_N512_0)
                                                                    0.00       3.77 r
  adder_inst/blockgeneration/U6/Z (CLKBUF_X3)
                                                7.16      0.03      0.12       3.89 r
  adder_inst/blockgeneration/U4/Z (BUF_X4)     13.39      0.04      0.11       4.00 r
  adder_inst/blockgeneration/U46/Z (CLKBUF_X1)
                                               24.92      0.21      0.30       4.29 r
  adder_inst/blockgeneration/merging_19/GLow (Merger_4627)          0.00       4.29 r
  adder_inst/blockgeneration/merging_19/U3/ZN (AOI21_X1)
                                                1.79      0.06      0.10       4.39 f
  adder_inst/blockgeneration/merging_19/U2/ZN (INV_X1)
                                                1.88      0.03      0.07       4.46 r
  adder_inst/blockgeneration/merging_19/Gout (Merger_4627)          0.00       4.46 r
  adder_inst/blockgeneration/blockGen[531] (LFRecursive_N1024)      0.00       4.46 r
  adder_inst/U2583/ZN (AOI21_X1)                2.61      0.05      0.05       4.51 f
  adder_inst/U2582/ZN (XNOR2_X1)                5.31      0.14      0.22       4.73 r
  adder_inst/S[532] (LadnerFischer_N1024)                           0.00       4.73 r
  S[532] (out)                                            0.14      0.03       4.76 r
  data arrival time                                                            4.76

  clock CLK (rise edge)                                             6.67       6.67
  clock network delay (ideal)                                       0.00       6.67
  output external delay                                            -0.80       5.87
  data required time                                                           5.87
  ------------------------------------------------------------------------------------
  data required time                                                           5.87
  data arrival time                                                           -4.76
  ------------------------------------------------------------------------------------
  slack (MET)                                                                  1.11


1
Loading db file '/CMC/setups/ensc450/SOCLAB/LIBRARIES/NangateOpenCellLibrary_PDKv1_3_v2010_12/Front_End/DB/NangateOpenCellLibrary_slow.db'
Information: Propagating switching activity (low effort zero delay simulation). (PWR-6)
Warning: Design has unannotated primary inputs. (PWR-414)
Warning: Design has unannotated sequential cell outputs. (PWR-415)
 
****************************************
Report : power
        -analysis_effort low
Design : Adder
Version: O-2018.06-SP5
Date   : Sat Feb 28 18:08:24 2026
****************************************


Library(s) Used:

    NangateOpenCellLibrary (File: /CMC/setups/ensc450/SOCLAB/LIBRARIES/NangateOpenCellLibrary_PDKv1_3_v2010_12/Front_End/DB/NangateOpenCellLibrary_slow.db)


Operating Conditions: slow   Library: NangateOpenCellLibrary
Wire Load Model Mode: top

Design        Wire Load Model            Library
------------------------------------------------
Adder                  5K_hvratio_1_1    NangateOpenCellLibrary


Global Operating Voltage = 0.95 
Power-specific unit information :
    Voltage Units = 1V
    Capacitance Units = 1.000000ff
    Time Units = 1ns
    Dynamic Power Units = 1uW    (derived from V,C,T units)
    Leakage Power Units = 1nW


  Cell Internal Power  =   1.5985 mW   (71%)
  Net Switching Power  = 640.7559 uW   (29%)
                         ---------
Total Dynamic Power    =   2.2393 mW  (100%)

Cell Leakage Power     = 387.3695 uW


                 Internal         Switching           Leakage            Total
Power Group      Power            Power               Power              Power   (   %    )  Attrs
--------------------------------------------------------------------------------------------------
io_pad             0.0000            0.0000            0.0000            0.0000  (   0.00%)
memory             0.0000            0.0000            0.0000            0.0000  (   0.00%)
black_box          0.0000            0.0000            0.0000            0.0000  (   0.00%)
clock_network      0.0000            0.0000            0.0000            0.0000  (   0.00%)
register       1.0525e+03           51.7339        1.1169e+05        1.2159e+03  (  46.29%)
sequential         0.0000            0.0000            0.0000            0.0000  (   0.00%)
combinational    546.0425          589.0204        2.7568e+05        1.4107e+03  (  53.71%)
--------------------------------------------------------------------------------------------------
Total          1.5985e+03 uW       640.7544 uW     3.8737e+05 nW     2.6266e+03 uW
1
