Information: Updating graph... (UID-83)
Warning: Design 'Adder' contains 1 high-fanout nets. A fanout number of 1000 will be used for delay calculations involving these nets. (TIM-134)
 
****************************************
Report : reference
Design : Adder
Version: O-2018.06-SP5
Date   : Sun Mar  1 19:58:02 2026
****************************************

Attributes:
    b - black box (unknown)
   bo - allows boundary optimization
    d - dont_touch
   mo - map_only
    h - hierarchical
    n - noncombinational
    r - removable
    s - synthetic operator
    u - contains unmapped logic

Reference          Library       Unit Area   Count    Total Area   Attributes
-----------------------------------------------------------------------------
DFF_X1             NangateOpenCellLibrary
                                  4.522000    2049   9265.577664  n
INV_X1             NangateOpenCellLibrary
                                  0.532000      14      7.448000  
LadnerFischer_N1024           20530.678063       1  20530.678063  h
-----------------------------------------------------------------------------
Total 3 references                                  29803.703727
1
Information: Updating design information... (UID-85)
Warning: Design 'Adder' contains 1 high-fanout nets. A fanout number of 1000 will be used for delay calculations involving these nets. (TIM-134)
 
****************************************
Report : timing
        -path full
        -delay max
        -max_paths 1
        -transition_time
        -capacitance
Design : Adder
Version: O-2018.06-SP5
Date   : Sun Mar  1 19:58:02 2026
****************************************

 # A fanout number of 1000 was used for high fanout net computations.

Operating Conditions: slow   Library: NangateOpenCellLibrary
Wire Load Model Mode: top

  Startpoint: B_reg_reg[783]
              (rising edge-triggered flip-flop clocked by CLK)
  Endpoint: Ovfl (output port clocked by CLK)
  Path Group: CLK
  Path Type: max

  Des/Clust/Port     Wire Load Model       Library
  ------------------------------------------------
  Adder              5K_hvratio_1_1        NangateOpenCellLibrary

  Point                                          Cap     Trans      Incr       Path
  ------------------------------------------------------------------------------------
  clock CLK (rise edge)                                             0.00       0.00
  clock network delay (ideal)                                       0.00       0.00
  B_reg_reg[783]/CK (DFF_X1)                              0.00      0.00 #     0.00 r
  B_reg_reg[783]/Q (DFF_X1)                     3.88      0.02      0.25       0.25 f
  adder_inst/B[783] (LadnerFischer_N1024)                           0.00       0.25 f
  adder_inst/U1750/Z (XOR2_X1)                  5.28      0.04      0.24       0.48 f
  adder_inst/blockgeneration/Prop[783] (LFRecursive_N1024)          0.00       0.48 f
  adder_inst/blockgeneration/top_recursive/Prop[271] (LFRecursive_N512_1)
                                                                    0.00       0.48 f
  adder_inst/blockgeneration/top_recursive/top_recursive/Prop[15] (LFRecursive_N256_3)
                                                                    0.00       0.48 f
  adder_inst/blockgeneration/top_recursive/top_recursive/bottom_recursive/Prop[15] (LFRecursive_N128_6)
                                                                    0.00       0.48 f
  adder_inst/blockgeneration/top_recursive/top_recursive/bottom_recursive/bottom_recursive/Prop[15] (LFRecursive_N64_12)
                                                                    0.00       0.48 f
  adder_inst/blockgeneration/top_recursive/top_recursive/bottom_recursive/bottom_recursive/bottom_recursive/Prop[15] (LFRecursive_N32_24)
                                                                    0.00       0.48 f
  adder_inst/blockgeneration/top_recursive/top_recursive/bottom_recursive/bottom_recursive/bottom_recursive/bottom_recursive/Prop[15] (LFRecursive_N16_48)
                                                                    0.00       0.48 f
  adder_inst/blockgeneration/top_recursive/top_recursive/bottom_recursive/bottom_recursive/bottom_recursive/bottom_recursive/top_recursive/Prop[7] (LFRecursive_N8_97)
                                                                    0.00       0.48 f
  adder_inst/blockgeneration/top_recursive/top_recursive/bottom_recursive/bottom_recursive/bottom_recursive/bottom_recursive/top_recursive/top_recursive/Prop[3] (LFRecursive_N4_195)
                                                                    0.00       0.48 f
  adder_inst/blockgeneration/top_recursive/top_recursive/bottom_recursive/bottom_recursive/bottom_recursive/bottom_recursive/top_recursive/top_recursive/top_recursive/Prop[1] (LFRecursive_N2_391)
                                                                    0.00       0.48 f
  adder_inst/blockgeneration/top_recursive/top_recursive/bottom_recursive/bottom_recursive/bottom_recursive/bottom_recursive/top_recursive/top_recursive/top_recursive/merging2/PHi (Merger_391)
                                                                    0.00       0.48 f
  adder_inst/blockgeneration/top_recursive/top_recursive/bottom_recursive/bottom_recursive/bottom_recursive/bottom_recursive/top_recursive/top_recursive/top_recursive/merging2/U3/ZN (AOI21_X2)
                                                1.95      0.07      0.11       0.60 r
  adder_inst/blockgeneration/top_recursive/top_recursive/bottom_recursive/bottom_recursive/bottom_recursive/bottom_recursive/top_recursive/top_recursive/top_recursive/merging2/U2/ZN (INV_X1)
                                                1.78      0.02      0.04       0.64 f
  adder_inst/blockgeneration/top_recursive/top_recursive/bottom_recursive/bottom_recursive/bottom_recursive/bottom_recursive/top_recursive/top_recursive/top_recursive/merging2/Gout (Merger_391)
                                                                    0.00       0.64 f
  adder_inst/blockgeneration/top_recursive/top_recursive/bottom_recursive/bottom_recursive/bottom_recursive/bottom_recursive/top_recursive/top_recursive/top_recursive/blockGen[1] (LFRecursive_N2_391)
                                                                    0.00       0.64 f
  adder_inst/blockgeneration/top_recursive/top_recursive/bottom_recursive/bottom_recursive/bottom_recursive/bottom_recursive/top_recursive/top_recursive/merging_1/GHi (Merger_903)
                                                                    0.00       0.64 f
  adder_inst/blockgeneration/top_recursive/top_recursive/bottom_recursive/bottom_recursive/bottom_recursive/bottom_recursive/top_recursive/top_recursive/merging_1/U3/ZN (AOI21_X1)
                                                1.95      0.09      0.16       0.80 r
  adder_inst/blockgeneration/top_recursive/top_recursive/bottom_recursive/bottom_recursive/bottom_recursive/bottom_recursive/top_recursive/top_recursive/merging_1/U2/ZN (INV_X1)
                                                1.78      0.02      0.05       0.85 f
  adder_inst/blockgeneration/top_recursive/top_recursive/bottom_recursive/bottom_recursive/bottom_recursive/bottom_recursive/top_recursive/top_recursive/merging_1/Gout (Merger_903)
                                                                    0.00       0.85 f
  adder_inst/blockgeneration/top_recursive/top_recursive/bottom_recursive/bottom_recursive/bottom_recursive/bottom_recursive/top_recursive/top_recursive/blockGen[3] (LFRecursive_N4_195)
                                                                    0.00       0.85 f
  adder_inst/blockgeneration/top_recursive/top_recursive/bottom_recursive/bottom_recursive/bottom_recursive/bottom_recursive/top_recursive/merging_3/GHi (Merger_1415)
                                                                    0.00       0.85 f
  adder_inst/blockgeneration/top_recursive/top_recursive/bottom_recursive/bottom_recursive/bottom_recursive/bottom_recursive/top_recursive/merging_3/U3/ZN (AOI21_X1)
                                                1.95      0.09      0.16       1.01 r
  adder_inst/blockgeneration/top_recursive/top_recursive/bottom_recursive/bottom_recursive/bottom_recursive/bottom_recursive/top_recursive/merging_3/U2/ZN (INV_X1)
                                                3.13      0.02      0.06       1.07 f
  adder_inst/blockgeneration/top_recursive/top_recursive/bottom_recursive/bottom_recursive/bottom_recursive/bottom_recursive/top_recursive/merging_3/Gout (Merger_1415)
                                                                    0.00       1.07 f
  adder_inst/blockgeneration/top_recursive/top_recursive/bottom_recursive/bottom_recursive/bottom_recursive/bottom_recursive/top_recursive/blockGen[7] (LFRecursive_N8_97)
                                                                    0.00       1.07 f
  adder_inst/blockgeneration/top_recursive/top_recursive/bottom_recursive/bottom_recursive/bottom_recursive/bottom_recursive/merging_7/GHi (Merger_1927)
                                                                    0.00       1.07 f
  adder_inst/blockgeneration/top_recursive/top_recursive/bottom_recursive/bottom_recursive/bottom_recursive/bottom_recursive/merging_7/U3/ZN (AOI21_X2)
                                                1.95      0.07      0.15       1.22 r
  adder_inst/blockgeneration/top_recursive/top_recursive/bottom_recursive/bottom_recursive/bottom_recursive/bottom_recursive/merging_7/U2/ZN (INV_X1)
                                                7.74      0.03      0.07       1.29 f
  adder_inst/blockgeneration/top_recursive/top_recursive/bottom_recursive/bottom_recursive/bottom_recursive/bottom_recursive/merging_7/Gout (Merger_1927)
                                                                    0.00       1.29 f
  adder_inst/blockgeneration/top_recursive/top_recursive/bottom_recursive/bottom_recursive/bottom_recursive/bottom_recursive/blockGen[15] (LFRecursive_N16_48)
                                                                    0.00       1.29 f
  adder_inst/blockgeneration/top_recursive/top_recursive/bottom_recursive/bottom_recursive/bottom_recursive/merging_15/GLow (Merger_2447)
                                                                    0.00       1.29 f
  adder_inst/blockgeneration/top_recursive/top_recursive/bottom_recursive/bottom_recursive/bottom_recursive/merging_15/U2/ZN (AOI21_X2)
                                                1.95      0.07      0.11       1.40 r
  adder_inst/blockgeneration/top_recursive/top_recursive/bottom_recursive/bottom_recursive/bottom_recursive/merging_15/U1/ZN (INV_X1)
                                                7.37      0.03      0.07       1.47 f
  adder_inst/blockgeneration/top_recursive/top_recursive/bottom_recursive/bottom_recursive/bottom_recursive/merging_15/Gout (Merger_2447)
                                                                    0.00       1.47 f
  adder_inst/blockgeneration/top_recursive/top_recursive/bottom_recursive/bottom_recursive/bottom_recursive/blockGen[31] (LFRecursive_N32_24)
                                                                    0.00       1.47 f
  adder_inst/blockgeneration/top_recursive/top_recursive/bottom_recursive/bottom_recursive/merging_31/GLow (Merger_2975)
                                                                    0.00       1.47 f
  adder_inst/blockgeneration/top_recursive/top_recursive/bottom_recursive/bottom_recursive/merging_31/U4/ZN (NAND2_X1)
                                                3.43      0.05      0.08       1.55 r
  adder_inst/blockgeneration/top_recursive/top_recursive/bottom_recursive/bottom_recursive/merging_31/U3/ZN (AND2_X4)
                                                1.95      0.02      0.10       1.65 r
  adder_inst/blockgeneration/top_recursive/top_recursive/bottom_recursive/bottom_recursive/merging_31/U2/ZN (INV_X1)
                                                4.15      0.01      0.04       1.69 f
  adder_inst/blockgeneration/top_recursive/top_recursive/bottom_recursive/bottom_recursive/merging_31/Gout (Merger_2975)
                                                                    0.00       1.69 f
  adder_inst/blockgeneration/top_recursive/top_recursive/bottom_recursive/bottom_recursive/blockGen[63] (LFRecursive_N64_12)
                                                                    0.00       1.69 f
  adder_inst/blockgeneration/top_recursive/top_recursive/bottom_recursive/U1/Z (CLKBUF_X1)
                                                2.96      0.02      0.10       1.79 f
  adder_inst/blockgeneration/top_recursive/top_recursive/bottom_recursive/merging_63/GLow (Merger_3519)
                                                                    0.00       1.79 f
  adder_inst/blockgeneration/top_recursive/top_recursive/bottom_recursive/merging_63/U3/ZN (AOI21_X2)
                                                1.95      0.07      0.10       1.89 r
  adder_inst/blockgeneration/top_recursive/top_recursive/bottom_recursive/merging_63/U2/ZN (INV_X1)
                                                6.35      0.03      0.07       1.96 f
  adder_inst/blockgeneration/top_recursive/top_recursive/bottom_recursive/merging_63/Gout (Merger_3519)
                                                                    0.00       1.96 f
  adder_inst/blockgeneration/top_recursive/top_recursive/bottom_recursive/blockGen[127] (LFRecursive_N128_6)
                                                                    0.00       1.96 f
  adder_inst/blockgeneration/top_recursive/top_recursive/U2/Z (BUF_X4)
                                               19.59      0.02      0.12       2.07 f
  adder_inst/blockgeneration/top_recursive/top_recursive/U13/Z (BUF_X4)
                                               23.74      0.02      0.13       2.20 f
  adder_inst/blockgeneration/top_recursive/top_recursive/merging_127/GLow (Merger_4095)
                                                                    0.00       2.20 f
  adder_inst/blockgeneration/top_recursive/top_recursive/merging_127/U3/ZN (AOI21_X1)
                                                1.95      0.09      0.12       2.32 r
  adder_inst/blockgeneration/top_recursive/top_recursive/merging_127/U2/ZN (INV_X1)
                                                1.78      0.02      0.05       2.37 f
  adder_inst/blockgeneration/top_recursive/top_recursive/merging_127/Gout (Merger_4095)
                                                                    0.00       2.37 f
  adder_inst/blockgeneration/top_recursive/top_recursive/blockGen[255] (LFRecursive_N256_3)
                                                                    0.00       2.37 f
  adder_inst/blockgeneration/top_recursive/merging_255/GHi (Merger_4607)
                                                                    0.00       2.37 f
  adder_inst/blockgeneration/top_recursive/merging_255/U3/ZN (AOI21_X1)
                                                1.95      0.09      0.16       2.53 r
  adder_inst/blockgeneration/top_recursive/merging_255/U2/ZN (INV_X1)
                                                1.78      0.02      0.05       2.58 f
  adder_inst/blockgeneration/top_recursive/merging_255/Gout (Merger_4607)
                                                                    0.00       2.58 f
  adder_inst/blockgeneration/top_recursive/blockGen[511] (LFRecursive_N512_1)
                                                                    0.00       2.58 f
  adder_inst/blockgeneration/merging_511/GHi (Merger_5119)          0.00       2.58 f
  adder_inst/blockgeneration/merging_511/U3/ZN (AOI21_X1)
                                                1.95      0.09      0.16       2.74 r
  adder_inst/blockgeneration/merging_511/U2/ZN (INV_X1)
                                                4.17      0.03      0.06       2.80 f
  adder_inst/blockgeneration/merging_511/Gout (Merger_5119)         0.00       2.80 f
  adder_inst/blockgeneration/blockGen[1023] (LFRecursive_N1024)     0.00       2.80 f
  adder_inst/U4471/ZN (AOI21_X2)                5.09      0.10      0.18       2.99 r
  adder_inst/U4345/ZN (XNOR2_X2)                5.31      0.09      0.18       3.17 r
  adder_inst/Ovfl (LadnerFischer_N1024)                             0.00       3.17 r
  Ovfl (out)                                              0.09      0.03       3.20 r
  data arrival time                                                            3.20

  clock CLK (rise edge)                                             4.00       4.00
  clock network delay (ideal)                                       0.00       4.00
  output external delay                                            -0.80       3.20
  data required time                                                           3.20
  ------------------------------------------------------------------------------------
  data required time                                                           3.20
  data arrival time                                                           -3.20
  ------------------------------------------------------------------------------------
  slack (MET)                                                                  0.00


1
Loading db file '/CMC/setups/ensc450/SOCLAB/LIBRARIES/NangateOpenCellLibrary_PDKv1_3_v2010_12/Front_End/DB/NangateOpenCellLibrary_slow.db'
Information: Propagating switching activity (low effort zero delay simulation). (PWR-6)
Warning: Design has unannotated primary inputs. (PWR-414)
Warning: Design has unannotated sequential cell outputs. (PWR-415)
 
****************************************
Report : power
        -analysis_effort low
Design : Adder
Version: O-2018.06-SP5
Date   : Sun Mar  1 19:58:04 2026
****************************************


Library(s) Used:

    NangateOpenCellLibrary (File: /CMC/setups/ensc450/SOCLAB/LIBRARIES/NangateOpenCellLibrary_PDKv1_3_v2010_12/Front_End/DB/NangateOpenCellLibrary_slow.db)


Operating Conditions: slow   Library: NangateOpenCellLibrary
Wire Load Model Mode: top

Design        Wire Load Model            Library
------------------------------------------------
Adder                  5K_hvratio_1_1    NangateOpenCellLibrary


Global Operating Voltage = 0.95 
Power-specific unit information :
    Voltage Units = 1V
    Capacitance Units = 1.000000ff
    Time Units = 1ns
    Dynamic Power Units = 1uW    (derived from V,C,T units)
    Leakage Power Units = 1nW


  Cell Internal Power  =   2.7366 mW   (71%)
  Net Switching Power  =   1.1154 mW   (29%)
                         ---------
Total Dynamic Power    =   3.8520 mW  (100%)

Cell Leakage Power     = 410.6082 uW


                 Internal         Switching           Leakage            Total
Power Group      Power            Power               Power              Power   (   %    )  Attrs
--------------------------------------------------------------------------------------------------
io_pad             0.0000            0.0000            0.0000            0.0000  (   0.00%)
memory             0.0000            0.0000            0.0000            0.0000  (   0.00%)
black_box          0.0000            0.0000            0.0000            0.0000  (   0.00%)
clock_network      0.0000            0.0000            0.0000            0.0000  (   0.00%)
register       1.7449e+03           90.4591        1.1163e+05        1.9470e+03  (  45.68%)
sequential         0.0000            0.0000            0.0000            0.0000  (   0.00%)
combinational    991.6426        1.0250e+03        2.9898e+05        2.3156e+03  (  54.32%)
--------------------------------------------------------------------------------------------------
Total          2.7366e+03 uW     1.1154e+03 uW     4.1061e+05 nW     4.2626e+03 uW
1
